2020-11-10 14:05:08.927 [ main ] - [ INFO  ] [ hbzrzy.kjgh.KjghApplicationTests : 55 ] - Starting KjghApplicationTests on DESKTOP-K7I9I42 with PID 2980 (started by qyh in D:\testfiles\javanew\kjgh)
2020-11-10 14:05:08.984 [ main ] - [ INFO  ] [ hbzrzy.kjgh.KjghApplicationTests : 651 ] - No active profile set, falling back to default profiles: default
2020-11-10 14:05:12.305 [ main ] - [ INFO  ] [ hbzrzy.kjgh.KjghApplicationTests : 61 ] - Started KjghApplicationTests in 4.021 seconds (JVM running for 6.08)
2020-11-10 14:08:10.475 [ main ] - [ INFO  ] [ hbzrzy.kjgh.KjghApplicationTests : 55 ] - Starting KjghApplicationTests on DESKTOP-K7I9I42 with PID 10072 (started by qyh in D:\testfiles\javanew\kjgh)
2020-11-10 14:08:10.480 [ main ] - [ INFO  ] [ hbzrzy.kjgh.KjghApplicationTests : 651 ] - No active profile set, falling back to default profiles: default
2020-11-10 14:08:13.766 [ main ] - [ INFO  ] [ hbzrzy.kjgh.KjghApplicationTests : 61 ] - Started KjghApplicationTests in 4.06 seconds (JVM running for 6.281)
2020-11-10 14:19:01.878 [ main ] - [ INFO  ] [ hbzrzy.kjgh.KjghApplicationTests : 55 ] - Starting KjghApplicationTests on DESKTOP-K7I9I42 with PID 12756 (started by qyh in D:\testfiles\javanew\kjgh)
2020-11-10 14:19:01.882 [ main ] - [ INFO  ] [ hbzrzy.kjgh.KjghApplicationTests : 651 ] - No active profile set, falling back to default profiles: default
2020-11-10 14:19:07.432 [ main ] - [ INFO  ] [ hbzrzy.kjgh.KjghApplicationTests : 61 ] - Started KjghApplicationTests in 6.465 seconds (JVM running for 9.037)
2020-11-10 14:25:31.960 [ main ] - [ INFO  ] [ hbzrzy.kjgh.KjghApplicationTests : 55 ] - Starting KjghApplicationTests on DESKTOP-K7I9I42 with PID 14136 (started by qyh in D:\testfiles\javanew\kjgh)
2020-11-10 14:25:31.976 [ main ] - [ INFO  ] [ hbzrzy.kjgh.KjghApplicationTests : 651 ] - No active profile set, falling back to default profiles: default
2020-11-10 14:25:37.786 [ main ] - [ INFO  ] [ hbzrzy.kjgh.KjghApplicationTests : 61 ] - Started KjghApplicationTests in 6.708 seconds (JVM running for 9.845)
2020-11-10 14:36:55.275 [ main ] - [ INFO  ] [ hbzrzy.kjgh.KjghApplicationTests : 55 ] - Starting KjghApplicationTests on DESKTOP-K7I9I42 with PID 1048 (started by qyh in D:\testfiles\javanew\kjgh)
2020-11-10 14:36:55.291 [ main ] - [ INFO  ] [ hbzrzy.kjgh.KjghApplicationTests : 651 ] - No active profile set, falling back to default profiles: default
2020-11-10 14:37:01.440 [ main ] - [ INFO  ] [ hbzrzy.kjgh.KjghApplicationTests : 61 ] - Started KjghApplicationTests in 7.171 seconds (JVM running for 11.436)
2020-11-10 14:45:00.564 [ main ] - [ INFO  ] [ hbzrzy.kjgh.KjghApplicationTests : 55 ] - Starting KjghApplicationTests on DESKTOP-K7I9I42 with PID 13512 (started by qyh in D:\testfiles\javanew\kjgh)
2020-11-10 14:45:00.569 [ main ] - [ INFO  ] [ hbzrzy.kjgh.KjghApplicationTests : 651 ] - No active profile set, falling back to default profiles: default
2020-11-10 14:45:04.776 [ main ] - [ INFO  ] [ hbzrzy.kjgh.KjghApplicationTests : 61 ] - Started KjghApplicationTests in 5.177 seconds (JVM running for 7.574)
2020-11-10 14:47:15.624 [ main ] - [ INFO  ] [ hbzrzy.kjgh.KjghApplicationTests : 55 ] - Starting KjghApplicationTests on DESKTOP-K7I9I42 with PID 13352 (started by qyh in D:\testfiles\javanew\kjgh)
2020-11-10 14:47:15.632 [ main ] - [ INFO  ] [ hbzrzy.kjgh.KjghApplicationTests : 651 ] - No active profile set, falling back to default profiles: default
2020-11-10 14:47:20.109 [ main ] - [ INFO  ] [ hbzrzy.kjgh.KjghApplicationTests : 61 ] - Started KjghApplicationTests in 5.213 seconds (JVM running for 7.443)
2020-11-10 14:49:56.986 [ main ] - [ INFO  ] [ hbzrzy.kjgh.KjghApplicationTests : 55 ] - Starting KjghApplicationTests on DESKTOP-K7I9I42 with PID 14008 (started by qyh in D:\testfiles\javanew\kjgh)
2020-11-10 14:49:56.993 [ main ] - [ INFO  ] [ hbzrzy.kjgh.KjghApplicationTests : 651 ] - No active profile set, falling back to default profiles: default
2020-11-10 14:50:01.739 [ main ] - [ INFO  ] [ hbzrzy.kjgh.KjghApplicationTests : 61 ] - Started KjghApplicationTests in 5.669 seconds (JVM running for 8.38)
2020-11-10 15:03:04.050 [ main ] - [ INFO  ] [ hbzrzy.kjgh.KjghApplicationTests : 55 ] - Starting KjghApplicationTests on DESKTOP-K7I9I42 with PID 13252 (started by qyh in D:\testfiles\javanew\kjgh)
2020-11-10 15:03:04.058 [ main ] - [ INFO  ] [ hbzrzy.kjgh.KjghApplicationTests : 651 ] - No active profile set, falling back to default profiles: default
2020-11-10 15:03:10.685 [ main ] - [ INFO  ] [ hbzrzy.kjgh.KjghApplicationTests : 61 ] - Started KjghApplicationTests in 7.502 seconds (JVM running for 9.769)
2020-11-10 15:18:27.186 [ main ] - [ INFO  ] [ hbzrzy.kjgh.KjghApplicationTests : 55 ] - Starting KjghApplicationTests on DESKTOP-K7I9I42 with PID 14000 (started by qyh in D:\testfiles\javanew\kjgh)
2020-11-10 15:18:27.192 [ main ] - [ INFO  ] [ hbzrzy.kjgh.KjghApplicationTests : 651 ] - No active profile set, falling back to default profiles: default
2020-11-10 15:21:18.778 [ main ] - [ INFO  ] [ hbzrzy.kjgh.KjghApplicationTests : 55 ] - Starting KjghApplicationTests on DESKTOP-K7I9I42 with PID 10868 (started by qyh in D:\testfiles\javanew\kjgh)
2020-11-10 15:21:18.785 [ main ] - [ INFO  ] [ hbzrzy.kjgh.KjghApplicationTests : 651 ] - No active profile set, falling back to default profiles: default
2020-11-10 15:23:01.637 [ main ] - [ INFO  ] [ hbzrzy.kjgh.KjghApplicationTests : 55 ] - Starting KjghApplicationTests on DESKTOP-K7I9I42 with PID 7776 (started by qyh in D:\testfiles\javanew\kjgh)
2020-11-10 15:23:01.642 [ main ] - [ INFO  ] [ hbzrzy.kjgh.KjghApplicationTests : 651 ] - No active profile set, falling back to default profiles: default
2020-11-10 15:23:27.604 [ main ] - [ INFO  ] [ hbzrzy.kjgh.KjghApplicationTests : 55 ] - Starting KjghApplicationTests on DESKTOP-K7I9I42 with PID 1672 (started by qyh in D:\testfiles\javanew\kjgh)
2020-11-10 15:23:27.610 [ main ] - [ INFO  ] [ hbzrzy.kjgh.KjghApplicationTests : 651 ] - No active profile set, falling back to default profiles: default
2020-11-10 15:26:53.940 [ main ] - [ INFO  ] [ hbzrzy.kjgh.KjghApplicationTests : 55 ] - Starting KjghApplicationTests on DESKTOP-K7I9I42 with PID 8448 (started by qyh in D:\testfiles\javanew\kjgh)
2020-11-10 15:26:53.944 [ main ] - [ INFO  ] [ hbzrzy.kjgh.KjghApplicationTests : 651 ] - No active profile set, falling back to default profiles: default
2020-11-10 15:32:21.021 [ main ] - [ INFO  ] [ hbzrzy.kjgh.KjghApplicationTests : 55 ] - Starting KjghApplicationTests on DESKTOP-K7I9I42 with PID 16076 (started by qyh in D:\testfiles\javanew\kjgh)
2020-11-10 15:32:21.025 [ main ] - [ INFO  ] [ hbzrzy.kjgh.KjghApplicationTests : 651 ] - No active profile set, falling back to default profiles: default
2020-11-10 15:44:41.330 [ main ] - [ INFO  ] [ hbzrzy.kjgh.KjghApplicationTests : 55 ] - Starting KjghApplicationTests on DESKTOP-K7I9I42 with PID 14284 (started by qyh in D:\testfiles\javanew\kjgh)
2020-11-10 15:44:41.334 [ main ] - [ INFO  ] [ hbzrzy.kjgh.KjghApplicationTests : 651 ] - No active profile set, falling back to default profiles: default
2020-11-10 15:44:47.038 [ main ] - [ INFO  ] [ hbzrzy.kjgh.KjghApplicationTests : 61 ] - Started KjghApplicationTests in 6.383 seconds (JVM running for 8.546)
2020-11-10 15:47:47.537 [ main ] - [ INFO  ] [ hbzrzy.kjgh.KjghApplicationTests : 55 ] - Starting KjghApplicationTests on DESKTOP-K7I9I42 with PID 4460 (started by qyh in D:\testfiles\javanew\kjgh)
2020-11-10 15:47:47.598 [ main ] - [ INFO  ] [ hbzrzy.kjgh.KjghApplicationTests : 651 ] - No active profile set, falling back to default profiles: default
2020-11-10 15:52:19.065 [ main ] - [ INFO  ] [ hbzrzy.kjgh.KjghApplicationTests : 55 ] - Starting KjghApplicationTests on DESKTOP-K7I9I42 with PID 9996 (started by qyh in D:\testfiles\javanew\kjgh)
2020-11-10 15:52:19.068 [ main ] - [ INFO  ] [ hbzrzy.kjgh.KjghApplicationTests : 651 ] - No active profile set, falling back to default profiles: default
2020-11-10 15:52:24.724 [ main ] - [ INFO  ] [ hbzrzy.kjgh.KjghApplicationTests : 61 ] - Started KjghApplicationTests in 6.413 seconds (JVM running for 8.883)
2020-11-10 15:57:42.631 [ main ] - [ INFO  ] [ hbzrzy.kjgh.KjghApplicationTests : 55 ] - Starting KjghApplicationTests on DESKTOP-K7I9I42 with PID 15272 (started by qyh in D:\testfiles\javanew\kjgh)
2020-11-10 15:57:42.636 [ main ] - [ INFO  ] [ hbzrzy.kjgh.KjghApplicationTests : 651 ] - No active profile set, falling back to default profiles: default
2020-11-10 15:57:49.166 [ main ] - [ INFO  ] [ hbzrzy.kjgh.KjghApplicationTests : 61 ] - Started KjghApplicationTests in 7.424 seconds (JVM running for 9.683)
2020-11-10 16:03:02.692 [ main ] - [ INFO  ] [ hbzrzy.kjgh.KjghApplicationTests : 55 ] - Starting KjghApplicationTests on DESKTOP-K7I9I42 with PID 10420 (started by qyh in D:\testfiles\javanew\kjgh)
2020-11-10 16:03:02.698 [ main ] - [ INFO  ] [ hbzrzy.kjgh.KjghApplicationTests : 651 ] - No active profile set, falling back to default profiles: default
2020-11-10 16:03:12.441 [ main ] - [ INFO  ] [ hbzrzy.kjgh.KjghApplicationTests : 61 ] - Started KjghApplicationTests in 10.583 seconds (JVM running for 12.97)
2020-11-10 16:08:48.521 [ main ] - [ INFO  ] [ hbzrzy.kjgh.KjghApplication : 55 ] - Starting KjghApplication on DESKTOP-K7I9I42 with PID 14764 (D:\testfiles\javanew\kjgh\target\classes started by qyh in D:\testfiles\javanew\kjgh)
2020-11-10 16:08:48.528 [ main ] - [ INFO  ] [ hbzrzy.kjgh.KjghApplication : 651 ] - No active profile set, falling back to default profiles: default
2020-11-10 16:08:50.614 [ main ] - [ INFO  ] [ org.apache.coyote.http11.Http11NioProtocol : 173 ] - Initializing ProtocolHandler ["http-nio-8080"]
2020-11-10 16:08:50.615 [ main ] - [ INFO  ] [ org.apache.catalina.core.StandardService : 173 ] - Starting service [Tomcat]
2020-11-10 16:08:50.617 [ main ] - [ INFO  ] [ org.apache.catalina.core.StandardEngine : 173 ] - Starting Servlet engine: [Apache Tomcat/9.0.39]
2020-11-10 16:08:50.800 [ main ] - [ INFO  ] [ o.a.c.core.ContainerBase.[Tomcat].[localhost].[/] : 173 ] - Initializing Spring embedded WebApplicationContext
2020-11-10 16:08:51.706 [ main ] - [ INFO  ] [ org.apache.coyote.http11.Http11NioProtocol : 173 ] - Starting ProtocolHandler ["http-nio-8080"]
2020-11-10 16:08:51.759 [ main ] - [ INFO  ] [ hbzrzy.kjgh.KjghApplication : 61 ] - Started KjghApplication in 4.027 seconds (JVM running for 9.657)
2020-11-10 16:09:12.358 [ http-nio-8080-exec-1 ] - [ INFO  ] [ o.a.c.core.ContainerBase.[Tomcat].[localhost].[/] : 173 ] - Initializing Spring DispatcherServlet 'dispatcherServlet'
2020-11-10 16:09:12.572 [ http-nio-8080-exec-1 ] - [ INFO  ] [ com.zaxxer.hikari.HikariDataSource : 110 ] - HikariPool-1 - Starting...
2020-11-10 16:09:13.318 [ http-nio-8080-exec-1 ] - [ INFO  ] [ com.zaxxer.hikari.HikariDataSource : 123 ] - HikariPool-1 - Start completed.
2020-11-10 16:09:13.774 [ http-nio-8080-exec-1 ] - [ ERROR ] [ o.a.c.c.C.[.[localhost].[/].[dispatcherServlet] : 175 ] - Servlet.service() for servlet [dispatcherServlet] in context with path [] threw exception [Request processing failed; nested exception is org.springframework.jdbc.UncategorizedSQLException: Error attempting to get column 'USERID' from result set.  Cause: java.sql.SQLException: 不支持的字符集 (在类路径中添加 orai18n.jar): ZHS16GBK
; uncategorized SQLException; SQL state [99999]; error code [17056]; 不支持的字符集 (在类路径中添加 orai18n.jar): ZHS16GBK; nested exception is java.sql.SQLException: 不支持的字符集 (在类路径中添加 orai18n.jar): ZHS16GBK] with root cause
java.sql.SQLException: 不支持的字符集 (在类路径中添加 orai18n.jar): ZHS16GBK
	at oracle.sql.CharacterSetUnknown.failCharsetUnknown(CharacterSetFactoryThin.java:233)
	at oracle.sql.CharacterSetUnknown.convert(CharacterSetFactoryThin.java:194)
	at oracle.jdbc.driver.PhysicalConnection.throughDbCharset(PhysicalConnection.java:10365)
	at oracle.jdbc.driver.PhysicalConnection.enquoteIdentifier(PhysicalConnection.java:10442)
	at oracle.jdbc.driver.OracleStatement.enquoteIdentifier(OracleStatement.java:6452)
	at oracle.jdbc.driver.OracleStatement.getColumnIndex(OracleStatement.java:3853)
	at oracle.jdbc.driver.InsensitiveScrollableResultSet.findColumn(InsensitiveScrollableResultSet.java:270)
	at oracle.jdbc.driver.GeneratedResultSet.getString(GeneratedResultSet.java:596)
	at com.zaxxer.hikari.pool.HikariProxyResultSet.getString(HikariProxyResultSet.java)
	at org.apache.ibatis.type.StringTypeHandler.getNullableResult(StringTypeHandler.java:37)
	at org.apache.ibatis.type.StringTypeHandler.getNullableResult(StringTypeHandler.java:26)
	at org.apache.ibatis.type.BaseTypeHandler.getResult(BaseTypeHandler.java:85)
	at org.apache.ibatis.executor.resultset.DefaultResultSetHandler.applyAutomaticMappings(DefaultResultSetHandler.java:560)
	at org.apache.ibatis.executor.resultset.DefaultResultSetHandler.getRowValue(DefaultResultSetHandler.java:402)
	at org.apache.ibatis.executor.resultset.DefaultResultSetHandler.handleRowValuesForSimpleResultMap(DefaultResultSetHandler.java:354)
	at org.apache.ibatis.executor.resultset.DefaultResultSetHandler.handleRowValues(DefaultResultSetHandler.java:328)
	at org.apache.ibatis.executor.resultset.DefaultResultSetHandler.handleResultSet(DefaultResultSetHandler.java:301)
	at org.apache.ibatis.executor.resultset.DefaultResultSetHandler.handleResultSets(DefaultResultSetHandler.java:194)
	at org.apache.ibatis.executor.statement.PreparedStatementHandler.query(PreparedStatementHandler.java:65)
	at org.apache.ibatis.executor.statement.RoutingStatementHandler.query(RoutingStatementHandler.java:79)
	at org.apache.ibatis.executor.SimpleExecutor.doQuery(SimpleExecutor.java:63)
	at org.apache.ibatis.executor.BaseExecutor.queryFromDatabase(BaseExecutor.java:325)
	at org.apache.ibatis.executor.BaseExecutor.query(BaseExecutor.java:156)
	at org.apache.ibatis.executor.CachingExecutor.query(CachingExecutor.java:109)
	at org.apache.ibatis.executor.CachingExecutor.query(CachingExecutor.java:89)
	at org.apache.ibatis.session.defaults.DefaultSqlSession.selectList(DefaultSqlSession.java:147)
	at org.apache.ibatis.session.defaults.DefaultSqlSession.selectList(DefaultSqlSession.java:140)
	at sun.reflect.NativeMethodAccessorImpl.invoke0(Native Method)
	at sun.reflect.NativeMethodAccessorImpl.invoke(NativeMethodAccessorImpl.java:62)
	at sun.reflect.DelegatingMethodAccessorImpl.invoke(DelegatingMethodAccessorImpl.java:43)
	at java.lang.reflect.Method.invoke(Method.java:498)
	at org.mybatis.spring.SqlSessionTemplate$SqlSessionInterceptor.invoke(SqlSessionTemplate.java:426)
	at com.sun.proxy.$Proxy53.selectList(Unknown Source)
	at org.mybatis.spring.SqlSessionTemplate.selectList(SqlSessionTemplate.java:223)
	at org.apache.ibatis.binding.MapperMethod.executeForMany(MapperMethod.java:147)
	at org.apache.ibatis.binding.MapperMethod.execute(MapperMethod.java:80)
	at org.apache.ibatis.binding.MapperProxy$PlainMethodInvoker.invoke(MapperProxy.java:152)
	at org.apache.ibatis.binding.MapperProxy.invoke(MapperProxy.java:85)
	at com.sun.proxy.$Proxy54.findAll(Unknown Source)
	at hbzrzy.kjgh.service.dataService.findAll(dataService.java:20)
	at hbzrzy.kjgh.controller.dataController.findAll(dataController.java:32)
	at sun.reflect.NativeMethodAccessorImpl.invoke0(Native Method)
	at sun.reflect.NativeMethodAccessorImpl.invoke(NativeMethodAccessorImpl.java:62)
	at sun.reflect.DelegatingMethodAccessorImpl.invoke(DelegatingMethodAccessorImpl.java:43)
	at java.lang.reflect.Method.invoke(Method.java:498)
	at org.springframework.web.method.support.InvocableHandlerMethod.doInvoke(InvocableHandlerMethod.java:190)
	at org.springframework.web.method.support.InvocableHandlerMethod.invokeForRequest(InvocableHandlerMethod.java:138)
	at org.springframework.web.servlet.mvc.method.annotation.ServletInvocableHandlerMethod.invokeAndHandle(ServletInvocableHandlerMethod.java:105)
	at org.springframework.web.servlet.mvc.method.annotation.RequestMappingHandlerAdapter.invokeHandlerMethod(RequestMappingHandlerAdapter.java:878)
	at org.springframework.web.servlet.mvc.method.annotation.RequestMappingHandlerAdapter.handleInternal(RequestMappingHandlerAdapter.java:792)
	at org.springframework.web.servlet.mvc.method.AbstractHandlerMethodAdapter.handle(AbstractHandlerMethodAdapter.java:87)
	at org.springframework.web.servlet.DispatcherServlet.doDispatch(DispatcherServlet.java:1040)
	at org.springframework.web.servlet.DispatcherServlet.doService(DispatcherServlet.java:943)
	at org.springframework.web.servlet.FrameworkServlet.processRequest(FrameworkServlet.java:1006)
	at org.springframework.web.servlet.FrameworkServlet.doGet(FrameworkServlet.java:898)
	at javax.servlet.http.HttpServlet.service(HttpServlet.java:626)
	at org.springframework.web.servlet.FrameworkServlet.service(FrameworkServlet.java:883)
	at javax.servlet.http.HttpServlet.service(HttpServlet.java:733)
	at org.apache.catalina.core.ApplicationFilterChain.internalDoFilter(ApplicationFilterChain.java:231)
	at org.apache.catalina.core.ApplicationFilterChain.doFilter(ApplicationFilterChain.java:166)
	at org.apache.tomcat.websocket.server.WsFilter.doFilter(WsFilter.java:53)
	at org.apache.catalina.core.ApplicationFilterChain.internalDoFilter(ApplicationFilterChain.java:193)
	at org.apache.catalina.core.ApplicationFilterChain.doFilter(ApplicationFilterChain.java:166)
	at org.springframework.web.filter.RequestContextFilter.doFilterInternal(RequestContextFilter.java:100)
	at org.springframework.web.filter.OncePerRequestFilter.doFilter(OncePerRequestFilter.java:119)
	at org.apache.catalina.core.ApplicationFilterChain.internalDoFilter(ApplicationFilterChain.java:193)
	at org.apache.catalina.core.ApplicationFilterChain.doFilter(ApplicationFilterChain.java:166)
	at org.springframework.web.filter.FormContentFilter.doFilterInternal(FormContentFilter.java:93)
	at org.springframework.web.filter.OncePerRequestFilter.doFilter(OncePerRequestFilter.java:119)
	at org.apache.catalina.core.ApplicationFilterChain.internalDoFilter(ApplicationFilterChain.java:193)
	at org.apache.catalina.core.ApplicationFilterChain.doFilter(ApplicationFilterChain.java:166)
	at org.springframework.web.filter.CharacterEncodingFilter.doFilterInternal(CharacterEncodingFilter.java:201)
	at org.springframework.web.filter.OncePerRequestFilter.doFilter(OncePerRequestFilter.java:119)
	at org.apache.catalina.core.ApplicationFilterChain.internalDoFilter(ApplicationFilterChain.java:193)
	at org.apache.catalina.core.ApplicationFilterChain.doFilter(ApplicationFilterChain.java:166)
	at org.apache.catalina.core.StandardWrapperValve.invoke(StandardWrapperValve.java:202)
	at org.apache.catalina.core.StandardContextValve.invoke(StandardContextValve.java:97)
	at org.apache.catalina.authenticator.AuthenticatorBase.invoke(AuthenticatorBase.java:542)
	at org.apache.catalina.core.StandardHostValve.invoke(StandardHostValve.java:143)
	at org.apache.catalina.valves.ErrorReportValve.invoke(ErrorReportValve.java:92)
	at org.apache.catalina.core.StandardEngineValve.invoke(StandardEngineValve.java:78)
	at org.apache.catalina.connector.CoyoteAdapter.service(CoyoteAdapter.java:343)
	at org.apache.coyote.http11.Http11Processor.service(Http11Processor.java:374)
	at org.apache.coyote.AbstractProcessorLight.process(AbstractProcessorLight.java:65)
	at org.apache.coyote.AbstractProtocol$ConnectionHandler.process(AbstractProtocol.java:868)
	at org.apache.tomcat.util.net.NioEndpoint$SocketProcessor.doRun(NioEndpoint.java:1590)
	at org.apache.tomcat.util.net.SocketProcessorBase.run(SocketProcessorBase.java:49)
	at java.util.concurrent.ThreadPoolExecutor.runWorker(ThreadPoolExecutor.java:1142)
	at java.util.concurrent.ThreadPoolExecutor$Worker.run(ThreadPoolExecutor.java:617)
	at org.apache.tomcat.util.threads.TaskThread$WrappingRunnable.run(TaskThread.java:61)
	at java.lang.Thread.run(Thread.java:745)
2020-11-10 16:09:21.276 [ http-nio-8080-exec-2 ] - [ INFO  ] [ hbzrzy.kjgh.KjghApplication : 39 ] - 调用了hello
2020-11-10 16:09:44.530 [ main ] - [ INFO  ] [ hbzrzy.kjgh.KjghApplication : 55 ] - Starting KjghApplication on DESKTOP-K7I9I42 with PID 14968 (D:\testfiles\javanew\kjgh\target\classes started by qyh in D:\testfiles\javanew\kjgh)
2020-11-10 16:09:44.538 [ main ] - [ INFO  ] [ hbzrzy.kjgh.KjghApplication : 651 ] - No active profile set, falling back to default profiles: default
2020-11-10 16:09:46.926 [ main ] - [ INFO  ] [ org.apache.coyote.http11.Http11NioProtocol : 173 ] - Initializing ProtocolHandler ["http-nio-8080"]
2020-11-10 16:09:46.928 [ main ] - [ INFO  ] [ org.apache.catalina.core.StandardService : 173 ] - Starting service [Tomcat]
2020-11-10 16:09:46.930 [ main ] - [ INFO  ] [ org.apache.catalina.core.StandardEngine : 173 ] - Starting Servlet engine: [Apache Tomcat/9.0.39]
2020-11-10 16:09:47.171 [ main ] - [ INFO  ] [ o.a.c.core.ContainerBase.[Tomcat].[localhost].[/] : 173 ] - Initializing Spring embedded WebApplicationContext
2020-11-10 16:09:48.434 [ main ] - [ INFO  ] [ org.apache.coyote.http11.Http11NioProtocol : 173 ] - Starting ProtocolHandler ["http-nio-8080"]
2020-11-10 16:09:48.517 [ main ] - [ INFO  ] [ hbzrzy.kjgh.KjghApplication : 61 ] - Started KjghApplication in 5.068 seconds (JVM running for 11.74)
2020-11-10 16:10:04.253 [ http-nio-8080-exec-2 ] - [ INFO  ] [ o.a.c.core.ContainerBase.[Tomcat].[localhost].[/] : 173 ] - Initializing Spring DispatcherServlet 'dispatcherServlet'
2020-11-10 16:10:18.669 [ http-nio-8080-exec-2 ] - [ INFO  ] [ com.zaxxer.hikari.HikariDataSource : 110 ] - HikariPool-1 - Starting...
2020-11-10 16:10:24.100 [ http-nio-8080-exec-2 ] - [ INFO  ] [ com.zaxxer.hikari.HikariDataSource : 123 ] - HikariPool-1 - Start completed.
2020-11-10 16:14:48.920 [ HikariPool-1 housekeeper ] - [ WARN  ] [ com.zaxxer.hikari.pool.HikariPool : 787 ] - HikariPool-1 - Thread starvation or clock leap detected (housekeeper delta=3m46s476ms41µs500ns).
2020-11-10 16:14:48.961 [ http-nio-8080-exec-2 ] - [ ERROR ] [ o.a.c.c.C.[.[localhost].[/].[dispatcherServlet] : 175 ] - Servlet.service() for servlet [dispatcherServlet] in context with path [] threw exception [Request processing failed; nested exception is org.springframework.jdbc.UncategorizedSQLException: Error attempting to get column 'USERID' from result set.  Cause: java.sql.SQLException: 不支持的字符集 (在类路径中添加 orai18n.jar): ZHS16GBK
; uncategorized SQLException; SQL state [99999]; error code [17056]; 不支持的字符集 (在类路径中添加 orai18n.jar): ZHS16GBK; nested exception is java.sql.SQLException: 不支持的字符集 (在类路径中添加 orai18n.jar): ZHS16GBK] with root cause
java.sql.SQLException: 不支持的字符集 (在类路径中添加 orai18n.jar): ZHS16GBK
	at oracle.sql.CharacterSetUnknown.failCharsetUnknown(CharacterSetFactoryThin.java:233)
	at oracle.sql.CharacterSetUnknown.convert(CharacterSetFactoryThin.java:194)
	at oracle.jdbc.driver.PhysicalConnection.throughDbCharset(PhysicalConnection.java:10365)
	at oracle.jdbc.driver.PhysicalConnection.enquoteIdentifier(PhysicalConnection.java:10442)
	at oracle.jdbc.driver.OracleStatement.enquoteIdentifier(OracleStatement.java:6452)
	at oracle.jdbc.driver.OracleStatement.getColumnIndex(OracleStatement.java:3853)
	at oracle.jdbc.driver.InsensitiveScrollableResultSet.findColumn(InsensitiveScrollableResultSet.java:270)
	at oracle.jdbc.driver.GeneratedResultSet.getString(GeneratedResultSet.java:596)
	at com.zaxxer.hikari.pool.HikariProxyResultSet.getString(HikariProxyResultSet.java)
	at org.apache.ibatis.type.StringTypeHandler.getNullableResult(StringTypeHandler.java:37)
	at org.apache.ibatis.type.StringTypeHandler.getNullableResult(StringTypeHandler.java:26)
	at org.apache.ibatis.type.BaseTypeHandler.getResult(BaseTypeHandler.java:85)
	at org.apache.ibatis.executor.resultset.DefaultResultSetHandler.applyAutomaticMappings(DefaultResultSetHandler.java:560)
	at org.apache.ibatis.executor.resultset.DefaultResultSetHandler.getRowValue(DefaultResultSetHandler.java:402)
	at org.apache.ibatis.executor.resultset.DefaultResultSetHandler.handleRowValuesForSimpleResultMap(DefaultResultSetHandler.java:354)
	at org.apache.ibatis.executor.resultset.DefaultResultSetHandler.handleRowValues(DefaultResultSetHandler.java:328)
	at org.apache.ibatis.executor.resultset.DefaultResultSetHandler.handleResultSet(DefaultResultSetHandler.java:301)
	at org.apache.ibatis.executor.resultset.DefaultResultSetHandler.handleResultSets(DefaultResultSetHandler.java:194)
	at org.apache.ibatis.executor.statement.PreparedStatementHandler.query(PreparedStatementHandler.java:65)
	at org.apache.ibatis.executor.statement.RoutingStatementHandler.query(RoutingStatementHandler.java:79)
	at org.apache.ibatis.executor.SimpleExecutor.doQuery(SimpleExecutor.java:63)
	at org.apache.ibatis.executor.BaseExecutor.queryFromDatabase(BaseExecutor.java:325)
	at org.apache.ibatis.executor.BaseExecutor.query(BaseExecutor.java:156)
	at org.apache.ibatis.executor.CachingExecutor.query(CachingExecutor.java:109)
	at org.apache.ibatis.executor.CachingExecutor.query(CachingExecutor.java:89)
	at org.apache.ibatis.session.defaults.DefaultSqlSession.selectList(DefaultSqlSession.java:147)
	at org.apache.ibatis.session.defaults.DefaultSqlSession.selectList(DefaultSqlSession.java:140)
	at sun.reflect.NativeMethodAccessorImpl.invoke0(Native Method)
	at sun.reflect.NativeMethodAccessorImpl.invoke(NativeMethodAccessorImpl.java:62)
	at sun.reflect.DelegatingMethodAccessorImpl.invoke(DelegatingMethodAccessorImpl.java:43)
	at java.lang.reflect.Method.invoke(Method.java:498)
	at org.mybatis.spring.SqlSessionTemplate$SqlSessionInterceptor.invoke(SqlSessionTemplate.java:426)
	at com.sun.proxy.$Proxy53.selectList(Unknown Source)
	at org.mybatis.spring.SqlSessionTemplate.selectList(SqlSessionTemplate.java:223)
	at org.apache.ibatis.binding.MapperMethod.executeForMany(MapperMethod.java:147)
	at org.apache.ibatis.binding.MapperMethod.execute(MapperMethod.java:80)
	at org.apache.ibatis.binding.MapperProxy$PlainMethodInvoker.invoke(MapperProxy.java:152)
	at org.apache.ibatis.binding.MapperProxy.invoke(MapperProxy.java:85)
	at com.sun.proxy.$Proxy54.findAll(Unknown Source)
	at hbzrzy.kjgh.service.dataService.findAll(dataService.java:20)
	at hbzrzy.kjgh.controller.dataController.findAll(dataController.java:32)
	at sun.reflect.NativeMethodAccessorImpl.invoke0(Native Method)
	at sun.reflect.NativeMethodAccessorImpl.invoke(NativeMethodAccessorImpl.java:62)
	at sun.reflect.DelegatingMethodAccessorImpl.invoke(DelegatingMethodAccessorImpl.java:43)
	at java.lang.reflect.Method.invoke(Method.java:498)
	at org.springframework.web.method.support.InvocableHandlerMethod.doInvoke(InvocableHandlerMethod.java:190)
	at org.springframework.web.method.support.InvocableHandlerMethod.invokeForRequest(InvocableHandlerMethod.java:138)
	at org.springframework.web.servlet.mvc.method.annotation.ServletInvocableHandlerMethod.invokeAndHandle(ServletInvocableHandlerMethod.java:105)
	at org.springframework.web.servlet.mvc.method.annotation.RequestMappingHandlerAdapter.invokeHandlerMethod(RequestMappingHandlerAdapter.java:878)
	at org.springframework.web.servlet.mvc.method.annotation.RequestMappingHandlerAdapter.handleInternal(RequestMappingHandlerAdapter.java:792)
	at org.springframework.web.servlet.mvc.method.AbstractHandlerMethodAdapter.handle(AbstractHandlerMethodAdapter.java:87)
	at org.springframework.web.servlet.DispatcherServlet.doDispatch(DispatcherServlet.java:1040)
	at org.springframework.web.servlet.DispatcherServlet.doService(DispatcherServlet.java:943)
	at org.springframework.web.servlet.FrameworkServlet.processRequest(FrameworkServlet.java:1006)
	at org.springframework.web.servlet.FrameworkServlet.doGet(FrameworkServlet.java:898)
	at javax.servlet.http.HttpServlet.service(HttpServlet.java:626)
	at org.springframework.web.servlet.FrameworkServlet.service(FrameworkServlet.java:883)
	at javax.servlet.http.HttpServlet.service(HttpServlet.java:733)
	at org.apache.catalina.core.ApplicationFilterChain.internalDoFilter(ApplicationFilterChain.java:231)
	at org.apache.catalina.core.ApplicationFilterChain.doFilter(ApplicationFilterChain.java:166)
	at org.apache.tomcat.websocket.server.WsFilter.doFilter(WsFilter.java:53)
	at org.apache.catalina.core.ApplicationFilterChain.internalDoFilter(ApplicationFilterChain.java:193)
	at org.apache.catalina.core.ApplicationFilterChain.doFilter(ApplicationFilterChain.java:166)
	at org.springframework.web.filter.RequestContextFilter.doFilterInternal(RequestContextFilter.java:100)
	at org.springframework.web.filter.OncePerRequestFilter.doFilter(OncePerRequestFilter.java:119)
	at org.apache.catalina.core.ApplicationFilterChain.internalDoFilter(ApplicationFilterChain.java:193)
	at org.apache.catalina.core.ApplicationFilterChain.doFilter(ApplicationFilterChain.java:166)
	at org.springframework.web.filter.FormContentFilter.doFilterInternal(FormContentFilter.java:93)
	at org.springframework.web.filter.OncePerRequestFilter.doFilter(OncePerRequestFilter.java:119)
	at org.apache.catalina.core.ApplicationFilterChain.internalDoFilter(ApplicationFilterChain.java:193)
	at org.apache.catalina.core.ApplicationFilterChain.doFilter(ApplicationFilterChain.java:166)
	at org.springframework.web.filter.CharacterEncodingFilter.doFilterInternal(CharacterEncodingFilter.java:201)
	at org.springframework.web.filter.OncePerRequestFilter.doFilter(OncePerRequestFilter.java:119)
	at org.apache.catalina.core.ApplicationFilterChain.internalDoFilter(ApplicationFilterChain.java:193)
	at org.apache.catalina.core.ApplicationFilterChain.doFilter(ApplicationFilterChain.java:166)
	at org.apache.catalina.core.StandardWrapperValve.invoke(StandardWrapperValve.java:202)
	at org.apache.catalina.core.StandardContextValve.invoke(StandardContextValve.java:97)
	at org.apache.catalina.authenticator.AuthenticatorBase.invoke(AuthenticatorBase.java:542)
	at org.apache.catalina.core.StandardHostValve.invoke(StandardHostValve.java:143)
	at org.apache.catalina.valves.ErrorReportValve.invoke(ErrorReportValve.java:92)
	at org.apache.catalina.core.StandardEngineValve.invoke(StandardEngineValve.java:78)
	at org.apache.catalina.connector.CoyoteAdapter.service(CoyoteAdapter.java:343)
	at org.apache.coyote.http11.Http11Processor.service(Http11Processor.java:374)
	at org.apache.coyote.AbstractProcessorLight.process(AbstractProcessorLight.java:65)
	at org.apache.coyote.AbstractProtocol$ConnectionHandler.process(AbstractProtocol.java:868)
	at org.apache.tomcat.util.net.NioEndpoint$SocketProcessor.doRun(NioEndpoint.java:1590)
	at org.apache.tomcat.util.net.SocketProcessorBase.run(SocketProcessorBase.java:49)
	at java.util.concurrent.ThreadPoolExecutor.runWorker(ThreadPoolExecutor.java:1142)
	at java.util.concurrent.ThreadPoolExecutor$Worker.run(ThreadPoolExecutor.java:617)
	at org.apache.tomcat.util.threads.TaskThread$WrappingRunnable.run(TaskThread.java:61)
	at java.lang.Thread.run(Thread.java:745)
2020-11-10 16:14:53.646 [ SpringContextShutdownHook ] - [ INFO  ] [ com.zaxxer.hikari.HikariDataSource : 350 ] - HikariPool-1 - Shutdown initiated...
2020-11-10 16:14:53.705 [ SpringContextShutdownHook ] - [ INFO  ] [ com.zaxxer.hikari.HikariDataSource : 352 ] - HikariPool-1 - Shutdown completed.
2020-11-10 16:15:12.237 [ main ] - [ INFO  ] [ hbzrzy.kjgh.KjghApplication : 55 ] - Starting KjghApplication on DESKTOP-K7I9I42 with PID 5108 (D:\testfiles\javanew\kjgh\target\classes started by qyh in D:\testfiles\javanew\kjgh)
2020-11-10 16:15:12.242 [ main ] - [ INFO  ] [ hbzrzy.kjgh.KjghApplication : 651 ] - No active profile set, falling back to default profiles: default
2020-11-10 16:15:14.316 [ main ] - [ INFO  ] [ org.apache.coyote.http11.Http11NioProtocol : 173 ] - Initializing ProtocolHandler ["http-nio-8080"]
2020-11-10 16:15:14.318 [ main ] - [ INFO  ] [ org.apache.catalina.core.StandardService : 173 ] - Starting service [Tomcat]
2020-11-10 16:15:14.319 [ main ] - [ INFO  ] [ org.apache.catalina.core.StandardEngine : 173 ] - Starting Servlet engine: [Apache Tomcat/9.0.39]
2020-11-10 16:15:14.496 [ main ] - [ INFO  ] [ o.a.c.core.ContainerBase.[Tomcat].[localhost].[/] : 173 ] - Initializing Spring embedded WebApplicationContext
2020-11-10 16:15:15.458 [ main ] - [ INFO  ] [ org.apache.coyote.http11.Http11NioProtocol : 173 ] - Starting ProtocolHandler ["http-nio-8080"]
2020-11-10 16:15:15.518 [ main ] - [ INFO  ] [ hbzrzy.kjgh.KjghApplication : 61 ] - Started KjghApplication in 4.127 seconds (JVM running for 8.869)
2020-11-10 16:15:23.640 [ http-nio-8080-exec-1 ] - [ INFO  ] [ o.a.c.core.ContainerBase.[Tomcat].[localhost].[/] : 173 ] - Initializing Spring DispatcherServlet 'dispatcherServlet'
2020-11-10 16:15:23.821 [ http-nio-8080-exec-1 ] - [ INFO  ] [ com.zaxxer.hikari.HikariDataSource : 110 ] - HikariPool-1 - Starting...
2020-11-10 16:15:24.382 [ http-nio-8080-exec-1 ] - [ INFO  ] [ com.zaxxer.hikari.HikariDataSource : 123 ] - HikariPool-1 - Start completed.
2020-11-10 16:17:34.612 [ main ] - [ INFO  ] [ hbzrzy.kjgh.KjghApplicationTests : 55 ] - Starting KjghApplicationTests on DESKTOP-K7I9I42 with PID 15928 (started by qyh in D:\testfiles\javanew\kjgh)
2020-11-10 16:17:34.617 [ main ] - [ INFO  ] [ hbzrzy.kjgh.KjghApplicationTests : 651 ] - No active profile set, falling back to default profiles: default
2020-11-10 16:17:40.675 [ main ] - [ INFO  ] [ hbzrzy.kjgh.KjghApplicationTests : 61 ] - Started KjghApplicationTests in 7.076 seconds (JVM running for 9.232)
2020-11-10 16:30:18.937 [ main ] - [ INFO  ] [ hbzrzy.kjgh.KjghApplication : 55 ] - Starting KjghApplication on DESKTOP-K7I9I42 with PID 15676 (D:\testfiles\javanew\kjgh\target\classes started by qyh in D:\testfiles\javanew\kjgh)
2020-11-10 16:30:18.945 [ main ] - [ INFO  ] [ hbzrzy.kjgh.KjghApplication : 651 ] - No active profile set, falling back to default profiles: default
2020-11-10 16:31:21.555 [ main ] - [ INFO  ] [ hbzrzy.kjgh.KjghApplication : 55 ] - Starting KjghApplication on DESKTOP-K7I9I42 with PID 12564 (D:\testfiles\javanew\kjgh\target\classes started by qyh in D:\testfiles\javanew\kjgh)
2020-11-10 16:31:21.561 [ main ] - [ INFO  ] [ hbzrzy.kjgh.KjghApplication : 651 ] - No active profile set, falling back to default profiles: default
2020-11-10 16:31:23.622 [ main ] - [ INFO  ] [ org.apache.coyote.http11.Http11NioProtocol : 173 ] - Initializing ProtocolHandler ["http-nio-8080"]
2020-11-10 16:31:23.624 [ main ] - [ INFO  ] [ org.apache.catalina.core.StandardService : 173 ] - Starting service [Tomcat]
2020-11-10 16:31:23.624 [ main ] - [ INFO  ] [ org.apache.catalina.core.StandardEngine : 173 ] - Starting Servlet engine: [Apache Tomcat/9.0.39]
2020-11-10 16:31:23.786 [ main ] - [ INFO  ] [ o.a.c.core.ContainerBase.[Tomcat].[localhost].[/] : 173 ] - Initializing Spring embedded WebApplicationContext
2020-11-10 16:31:24.740 [ main ] - [ INFO  ] [ org.apache.coyote.http11.Http11NioProtocol : 173 ] - Starting ProtocolHandler ["http-nio-8080"]
2020-11-10 16:31:24.799 [ main ] - [ INFO  ] [ hbzrzy.kjgh.KjghApplication : 61 ] - Started KjghApplication in 4.142 seconds (JVM running for 8.703)
2020-11-10 16:31:35.873 [ http-nio-8080-exec-1 ] - [ INFO  ] [ o.a.c.core.ContainerBase.[Tomcat].[localhost].[/] : 173 ] - Initializing Spring DispatcherServlet 'dispatcherServlet'
2020-11-10 16:31:44.787 [ http-nio-8080-exec-4 ] - [ INFO  ] [ com.zaxxer.hikari.HikariDataSource : 110 ] - HikariPool-1 - Starting...
2020-11-10 16:31:45.348 [ http-nio-8080-exec-4 ] - [ INFO  ] [ com.zaxxer.hikari.HikariDataSource : 123 ] - HikariPool-1 - Start completed.
2020-11-10 16:44:32.968 [ main ] - [ INFO  ] [ hbzrzy.kjgh.KjghApplication : 55 ] - Starting KjghApplication on DESKTOP-K7I9I42 with PID 16000 (D:\testfiles\javanew\kjgh\target\classes started by qyh in D:\testfiles\javanew\kjgh)
2020-11-10 16:44:32.977 [ main ] - [ INFO  ] [ hbzrzy.kjgh.KjghApplication : 651 ] - No active profile set, falling back to default profiles: default
2020-11-10 16:44:35.339 [ main ] - [ INFO  ] [ org.apache.coyote.http11.Http11NioProtocol : 173 ] - Initializing ProtocolHandler ["http-nio-8080"]
2020-11-10 16:44:35.340 [ main ] - [ INFO  ] [ org.apache.catalina.core.StandardService : 173 ] - Starting service [Tomcat]
2020-11-10 16:44:35.341 [ main ] - [ INFO  ] [ org.apache.catalina.core.StandardEngine : 173 ] - Starting Servlet engine: [Apache Tomcat/9.0.39]
2020-11-10 16:44:35.558 [ main ] - [ INFO  ] [ o.a.c.core.ContainerBase.[Tomcat].[localhost].[/] : 173 ] - Initializing Spring embedded WebApplicationContext
2020-11-10 16:44:36.890 [ main ] - [ INFO  ] [ org.apache.coyote.http11.Http11NioProtocol : 173 ] - Starting ProtocolHandler ["http-nio-8080"]
2020-11-10 16:44:36.976 [ main ] - [ INFO  ] [ hbzrzy.kjgh.KjghApplication : 61 ] - Started KjghApplication in 4.819 seconds (JVM running for 8.968)
2020-11-10 16:45:34.119 [ http-nio-8080-exec-1 ] - [ INFO  ] [ o.a.c.core.ContainerBase.[Tomcat].[localhost].[/] : 173 ] - Initializing Spring DispatcherServlet 'dispatcherServlet'
2020-11-10 16:45:47.209 [ http-nio-8080-exec-2 ] - [ INFO  ] [ com.zaxxer.hikari.HikariDataSource : 110 ] - HikariPool-1 - Starting...
2020-11-10 16:45:47.772 [ http-nio-8080-exec-2 ] - [ INFO  ] [ com.zaxxer.hikari.HikariDataSource : 123 ] - HikariPool-1 - Start completed.
2020-11-10 16:48:50.609 [ main ] - [ INFO  ] [ hbzrzy.kjgh.KjghApplication : 55 ] - Starting KjghApplication on DESKTOP-K7I9I42 with PID 16176 (D:\testfiles\javanew\kjgh\target\classes started by qyh in D:\testfiles\javanew\kjgh)
2020-11-10 16:48:50.614 [ main ] - [ INFO  ] [ hbzrzy.kjgh.KjghApplication : 651 ] - No active profile set, falling back to default profiles: default
2020-11-10 16:48:52.790 [ main ] - [ INFO  ] [ org.apache.coyote.http11.Http11NioProtocol : 173 ] - Initializing ProtocolHandler ["http-nio-8080"]
2020-11-10 16:48:52.792 [ main ] - [ INFO  ] [ org.apache.catalina.core.StandardService : 173 ] - Starting service [Tomcat]
2020-11-10 16:48:52.792 [ main ] - [ INFO  ] [ org.apache.catalina.core.StandardEngine : 173 ] - Starting Servlet engine: [Apache Tomcat/9.0.39]
2020-11-10 16:48:52.955 [ main ] - [ INFO  ] [ o.a.c.core.ContainerBase.[Tomcat].[localhost].[/] : 173 ] - Initializing Spring embedded WebApplicationContext
2020-11-10 16:48:53.908 [ main ] - [ INFO  ] [ org.apache.coyote.http11.Http11NioProtocol : 173 ] - Starting ProtocolHandler ["http-nio-8080"]
2020-11-10 16:48:53.960 [ main ] - [ INFO  ] [ hbzrzy.kjgh.KjghApplication : 61 ] - Started KjghApplication in 4.126 seconds (JVM running for 8.322)
2020-11-10 16:49:25.014 [ http-nio-8080-exec-1 ] - [ INFO  ] [ o.a.c.core.ContainerBase.[Tomcat].[localhost].[/] : 173 ] - Initializing Spring DispatcherServlet 'dispatcherServlet'
2020-11-10 16:49:25.070 [ http-nio-8080-exec-1 ] - [ INFO  ] [ hbzrzy.kjgh.KjghApplication : 87 ] - 调用了hello
2020-11-10 16:49:47.471 [ http-nio-8080-exec-3 ] - [ INFO  ] [ hbzrzy.kjgh.KjghApplication : 44 ] - findpage
2020-11-10 16:49:47.570 [ http-nio-8080-exec-3 ] - [ INFO  ] [ com.zaxxer.hikari.HikariDataSource : 110 ] - HikariPool-1 - Starting...
2020-11-10 16:49:48.087 [ http-nio-8080-exec-3 ] - [ INFO  ] [ com.zaxxer.hikari.HikariDataSource : 123 ] - HikariPool-1 - Start completed.
2020-11-10 16:53:58.851 [ main ] - [ INFO  ] [ hbzrzy.kjgh.KjghApplication : 55 ] - Starting KjghApplication on DESKTOP-K7I9I42 with PID 11004 (D:\testfiles\javanew\kjgh\target\classes started by qyh in D:\testfiles\javanew\kjgh)
2020-11-10 16:53:58.859 [ main ] - [ INFO  ] [ hbzrzy.kjgh.KjghApplication : 651 ] - No active profile set, falling back to default profiles: default
2020-11-10 16:54:01.087 [ main ] - [ INFO  ] [ org.apache.coyote.http11.Http11NioProtocol : 173 ] - Initializing ProtocolHandler ["http-nio-8080"]
2020-11-10 16:54:01.088 [ main ] - [ INFO  ] [ org.apache.catalina.core.StandardService : 173 ] - Starting service [Tomcat]
2020-11-10 16:54:01.089 [ main ] - [ INFO  ] [ org.apache.catalina.core.StandardEngine : 173 ] - Starting Servlet engine: [Apache Tomcat/9.0.39]
2020-11-10 16:54:01.273 [ main ] - [ INFO  ] [ o.a.c.core.ContainerBase.[Tomcat].[localhost].[/] : 173 ] - Initializing Spring embedded WebApplicationContext
2020-11-10 16:54:02.263 [ main ] - [ INFO  ] [ org.apache.coyote.http11.Http11NioProtocol : 173 ] - Starting ProtocolHandler ["http-nio-8080"]
2020-11-10 16:54:02.320 [ main ] - [ INFO  ] [ com.zaxxer.hikari.HikariDataSource : 110 ] - HikariPool-1 - Starting...
2020-11-10 16:54:02.935 [ main ] - [ INFO  ] [ com.zaxxer.hikari.HikariDataSource : 123 ] - HikariPool-1 - Start completed.
2020-11-10 16:54:03.158 [ main ] - [ INFO  ] [ hbzrzy.kjgh.KjghApplication : 61 ] - Started KjghApplication in 5.267 seconds (JVM running for 9.765)
2020-11-10 16:55:10.130 [ main ] - [ INFO  ] [ hbzrzy.kjgh.KjghApplication : 55 ] - Starting KjghApplication on DESKTOP-K7I9I42 with PID 4088 (D:\testfiles\javanew\kjgh\target\classes started by qyh in D:\testfiles\javanew\kjgh)
2020-11-10 16:55:10.136 [ main ] - [ INFO  ] [ hbzrzy.kjgh.KjghApplication : 651 ] - No active profile set, falling back to default profiles: default
2020-11-10 16:55:12.074 [ main ] - [ INFO  ] [ org.apache.coyote.http11.Http11NioProtocol : 173 ] - Initializing ProtocolHandler ["http-nio-8080"]
2020-11-10 16:55:12.075 [ main ] - [ INFO  ] [ org.apache.catalina.core.StandardService : 173 ] - Starting service [Tomcat]
2020-11-10 16:55:12.075 [ main ] - [ INFO  ] [ org.apache.catalina.core.StandardEngine : 173 ] - Starting Servlet engine: [Apache Tomcat/9.0.39]
2020-11-10 16:55:12.225 [ main ] - [ INFO  ] [ o.a.c.core.ContainerBase.[Tomcat].[localhost].[/] : 173 ] - Initializing Spring embedded WebApplicationContext
2020-11-10 16:55:13.180 [ main ] - [ INFO  ] [ org.apache.coyote.http11.Http11NioProtocol : 173 ] - Starting ProtocolHandler ["http-nio-8080"]
2020-11-10 16:55:13.236 [ main ] - [ INFO  ] [ com.zaxxer.hikari.HikariDataSource : 110 ] - HikariPool-1 - Starting...
2020-11-10 16:55:13.842 [ main ] - [ INFO  ] [ com.zaxxer.hikari.HikariDataSource : 123 ] - HikariPool-1 - Start completed.
2020-11-10 16:55:14.026 [ main ] - [ INFO  ] [ hbzrzy.kjgh.KjghApplication : 61 ] - Started KjghApplication in 4.685 seconds (JVM running for 9.305)
2020-11-10 16:57:15.145 [ main ] - [ INFO  ] [ hbzrzy.kjgh.KjghApplication : 55 ] - Starting KjghApplication on DESKTOP-K7I9I42 with PID 11108 (D:\testfiles\javanew\kjgh\target\classes started by qyh in D:\testfiles\javanew\kjgh)
2020-11-10 16:57:15.151 [ main ] - [ INFO  ] [ hbzrzy.kjgh.KjghApplication : 651 ] - No active profile set, falling back to default profiles: default
2020-11-10 16:57:17.527 [ main ] - [ INFO  ] [ org.apache.coyote.http11.Http11NioProtocol : 173 ] - Initializing ProtocolHandler ["http-nio-8080"]
2020-11-10 16:57:17.532 [ main ] - [ INFO  ] [ org.apache.catalina.core.StandardService : 173 ] - Starting service [Tomcat]
2020-11-10 16:57:17.532 [ main ] - [ INFO  ] [ org.apache.catalina.core.StandardEngine : 173 ] - Starting Servlet engine: [Apache Tomcat/9.0.39]
2020-11-10 16:57:17.723 [ main ] - [ INFO  ] [ o.a.c.core.ContainerBase.[Tomcat].[localhost].[/] : 173 ] - Initializing Spring embedded WebApplicationContext
2020-11-10 16:57:18.754 [ main ] - [ INFO  ] [ org.apache.coyote.http11.Http11NioProtocol : 173 ] - Starting ProtocolHandler ["http-nio-8080"]
2020-11-10 16:57:18.813 [ main ] - [ INFO  ] [ com.zaxxer.hikari.HikariDataSource : 110 ] - HikariPool-1 - Starting...
2020-11-10 16:57:19.473 [ main ] - [ INFO  ] [ com.zaxxer.hikari.HikariDataSource : 123 ] - HikariPool-1 - Start completed.
2020-11-10 16:57:19.744 [ main ] - [ INFO  ] [ hbzrzy.kjgh.KjghApplication : 61 ] - Started KjghApplication in 5.501 seconds (JVM running for 9.794)
2020-11-10 17:10:20.305 [ main ] - [ INFO  ] [ hbzrzy.kjgh.KjghApplication : 55 ] - Starting KjghApplication on DESKTOP-K7I9I42 with PID 17304 (D:\testfiles\javanew\kjgh\target\classes started by qyh in D:\testfiles\javanew\kjgh)
2020-11-10 17:10:20.311 [ main ] - [ INFO  ] [ hbzrzy.kjgh.KjghApplication : 651 ] - No active profile set, falling back to default profiles: default
2020-11-10 17:10:22.636 [ main ] - [ INFO  ] [ org.apache.coyote.http11.Http11NioProtocol : 173 ] - Initializing ProtocolHandler ["http-nio-8080"]
2020-11-10 17:10:22.637 [ main ] - [ INFO  ] [ org.apache.catalina.core.StandardService : 173 ] - Starting service [Tomcat]
2020-11-10 17:10:22.638 [ main ] - [ INFO  ] [ org.apache.catalina.core.StandardEngine : 173 ] - Starting Servlet engine: [Apache Tomcat/9.0.39]
2020-11-10 17:10:22.836 [ main ] - [ INFO  ] [ o.a.c.core.ContainerBase.[Tomcat].[localhost].[/] : 173 ] - Initializing Spring embedded WebApplicationContext
2020-11-10 17:10:24.029 [ main ] - [ INFO  ] [ org.apache.coyote.http11.Http11NioProtocol : 173 ] - Starting ProtocolHandler ["http-nio-8080"]
2020-11-10 17:10:24.103 [ main ] - [ INFO  ] [ com.zaxxer.hikari.HikariDataSource : 110 ] - HikariPool-1 - Starting...
2020-11-10 17:10:24.832 [ main ] - [ INFO  ] [ com.zaxxer.hikari.HikariDataSource : 123 ] - HikariPool-1 - Start completed.
2020-11-10 17:10:25.022 [ main ] - [ INFO  ] [ hbzrzy.kjgh.KjghApplication : 61 ] - Started KjghApplication in 5.664 seconds (JVM running for 12.285)
2020-11-10 17:10:38.259 [ http-nio-8080-exec-1 ] - [ INFO  ] [ o.a.c.core.ContainerBase.[Tomcat].[localhost].[/] : 173 ] - Initializing Spring DispatcherServlet 'dispatcherServlet'
2020-11-10 17:10:47.777 [ http-nio-8080-exec-3 ] - [ INFO  ] [ hbzrzy.kjgh.controller.fileController : 40 ] - 第1个文件上传成功
2020-11-10 17:17:38.182 [ main ] - [ INFO  ] [ hbzrzy.kjgh.KjghApplication : 55 ] - Starting KjghApplication on DESKTOP-K7I9I42 with PID 9792 (D:\testfiles\javanew\kjgh\target\classes started by qyh in D:\testfiles\javanew\kjgh)
2020-11-10 17:17:38.190 [ main ] - [ INFO  ] [ hbzrzy.kjgh.KjghApplication : 651 ] - No active profile set, falling back to default profiles: default
2020-11-10 17:17:40.621 [ main ] - [ INFO  ] [ org.apache.coyote.http11.Http11NioProtocol : 173 ] - Initializing ProtocolHandler ["http-nio-8080"]
2020-11-10 17:17:40.622 [ main ] - [ INFO  ] [ org.apache.catalina.core.StandardService : 173 ] - Starting service [Tomcat]
2020-11-10 17:17:40.623 [ main ] - [ INFO  ] [ org.apache.catalina.core.StandardEngine : 173 ] - Starting Servlet engine: [Apache Tomcat/9.0.39]
2020-11-10 17:17:40.805 [ main ] - [ INFO  ] [ o.a.c.core.ContainerBase.[Tomcat].[localhost].[/] : 173 ] - Initializing Spring embedded WebApplicationContext
2020-11-10 17:17:41.890 [ main ] - [ INFO  ] [ org.apache.coyote.http11.Http11NioProtocol : 173 ] - Starting ProtocolHandler ["http-nio-8080"]
2020-11-10 17:17:41.967 [ main ] - [ INFO  ] [ com.zaxxer.hikari.HikariDataSource : 110 ] - HikariPool-1 - Starting...
2020-11-10 17:17:42.671 [ main ] - [ INFO  ] [ com.zaxxer.hikari.HikariDataSource : 123 ] - HikariPool-1 - Start completed.
2020-11-10 17:17:43.178 [ main ] - [ INFO  ] [ hbzrzy.kjgh.KjghApplication : 61 ] - Started KjghApplication in 5.936 seconds (JVM running for 11.589)
2020-11-10 17:17:49.969 [ http-nio-8080-exec-2 ] - [ INFO  ] [ o.a.c.core.ContainerBase.[Tomcat].[localhost].[/] : 173 ] - Initializing Spring DispatcherServlet 'dispatcherServlet'
2020-11-10 17:17:50.040 [ http-nio-8080-exec-2 ] - [ INFO  ] [ hbzrzy.kjgh.KjghApplication : 32 ] - findOne
2020-11-10 17:17:50.130 [ http-nio-8080-exec-2 ] - [ ERROR ] [ o.a.c.c.C.[.[localhost].[/].[dispatcherServlet] : 175 ] - Servlet.service() for servlet [dispatcherServlet] in context with path [] threw exception [Request processing failed; nested exception is org.mybatis.spring.MyBatisSystemException: nested exception is org.apache.ibatis.type.TypeException: Could not set parameters for mapping: ParameterMapping{property='UserID', mode=IN, javaType=class java.lang.Object, jdbcType=null, numericScale=null, resultMapId='null', jdbcTypeName='null', expression='null'}. Cause: org.apache.ibatis.type.TypeException: Error setting null for parameter #1 with JdbcType OTHER . Try setting a different JdbcType for this parameter or a different jdbcTypeForNull configuration property. Cause: java.sql.SQLException: 无效的列类型: 1111] with root cause
java.sql.SQLException: 无效的列类型: 1111
	at oracle.jdbc.driver.OracleStatement.getInternalType(OracleStatement.java:4121)
	at oracle.jdbc.driver.OraclePreparedStatement.setNullCritical(OraclePreparedStatement.java:4208)
	at oracle.jdbc.driver.OraclePreparedStatement.setNull(OraclePreparedStatement.java:4192)
	at oracle.jdbc.driver.OraclePreparedStatementWrapper.setNull(OraclePreparedStatementWrapper.java:1010)
	at com.zaxxer.hikari.pool.HikariProxyPreparedStatement.setNull(HikariProxyPreparedStatement.java)
	at org.apache.ibatis.type.BaseTypeHandler.setParameter(BaseTypeHandler.java:65)
	at org.apache.ibatis.scripting.defaults.DefaultParameterHandler.setParameters(DefaultParameterHandler.java:87)
	at org.apache.ibatis.executor.statement.PreparedStatementHandler.parameterize(PreparedStatementHandler.java:94)
	at org.apache.ibatis.executor.statement.RoutingStatementHandler.parameterize(RoutingStatementHandler.java:64)
	at org.apache.ibatis.executor.SimpleExecutor.prepareStatement(SimpleExecutor.java:88)
	at org.apache.ibatis.executor.SimpleExecutor.doQuery(SimpleExecutor.java:62)
	at org.apache.ibatis.executor.BaseExecutor.queryFromDatabase(BaseExecutor.java:325)
	at org.apache.ibatis.executor.BaseExecutor.query(BaseExecutor.java:156)
	at org.apache.ibatis.executor.CachingExecutor.query(CachingExecutor.java:109)
	at com.github.pagehelper.PageInterceptor.intercept(PageInterceptor.java:143)
	at org.apache.ibatis.plugin.Plugin.invoke(Plugin.java:61)
	at com.sun.proxy.$Proxy75.query(Unknown Source)
	at org.apache.ibatis.session.defaults.DefaultSqlSession.selectList(DefaultSqlSession.java:147)
	at org.apache.ibatis.session.defaults.DefaultSqlSession.selectList(DefaultSqlSession.java:140)
	at org.apache.ibatis.session.defaults.DefaultSqlSession.selectOne(DefaultSqlSession.java:76)
	at sun.reflect.NativeMethodAccessorImpl.invoke0(Native Method)
	at sun.reflect.NativeMethodAccessorImpl.invoke(NativeMethodAccessorImpl.java:62)
	at sun.reflect.DelegatingMethodAccessorImpl.invoke(DelegatingMethodAccessorImpl.java:43)
	at java.lang.reflect.Method.invoke(Method.java:498)
	at org.mybatis.spring.SqlSessionTemplate$SqlSessionInterceptor.invoke(SqlSessionTemplate.java:426)
	at com.sun.proxy.$Proxy54.selectOne(Unknown Source)
	at org.mybatis.spring.SqlSessionTemplate.selectOne(SqlSessionTemplate.java:159)
	at org.apache.ibatis.binding.MapperMethod.execute(MapperMethod.java:87)
	at org.apache.ibatis.binding.MapperProxy$PlainMethodInvoker.invoke(MapperProxy.java:152)
	at org.apache.ibatis.binding.MapperProxy.invoke(MapperProxy.java:85)
	at com.sun.proxy.$Proxy55.findOne(Unknown Source)
	at hbzrzy.kjgh.service.dataService.findOne(dataService.java:31)
	at hbzrzy.kjgh.controller.dataController.findOne(dataController.java:43)
	at sun.reflect.NativeMethodAccessorImpl.invoke0(Native Method)
	at sun.reflect.NativeMethodAccessorImpl.invoke(NativeMethodAccessorImpl.java:62)
	at sun.reflect.DelegatingMethodAccessorImpl.invoke(DelegatingMethodAccessorImpl.java:43)
	at java.lang.reflect.Method.invoke(Method.java:498)
	at org.springframework.web.method.support.InvocableHandlerMethod.doInvoke(InvocableHandlerMethod.java:190)
	at org.springframework.web.method.support.InvocableHandlerMethod.invokeForRequest(InvocableHandlerMethod.java:138)
	at org.springframework.web.servlet.mvc.method.annotation.ServletInvocableHandlerMethod.invokeAndHandle(ServletInvocableHandlerMethod.java:105)
	at org.springframework.web.servlet.mvc.method.annotation.RequestMappingHandlerAdapter.invokeHandlerMethod(RequestMappingHandlerAdapter.java:878)
	at org.springframework.web.servlet.mvc.method.annotation.RequestMappingHandlerAdapter.handleInternal(RequestMappingHandlerAdapter.java:792)
	at org.springframework.web.servlet.mvc.method.AbstractHandlerMethodAdapter.handle(AbstractHandlerMethodAdapter.java:87)
	at org.springframework.web.servlet.DispatcherServlet.doDispatch(DispatcherServlet.java:1040)
	at org.springframework.web.servlet.DispatcherServlet.doService(DispatcherServlet.java:943)
	at org.springframework.web.servlet.FrameworkServlet.processRequest(FrameworkServlet.java:1006)
	at org.springframework.web.servlet.FrameworkServlet.doGet(FrameworkServlet.java:898)
	at javax.servlet.http.HttpServlet.service(HttpServlet.java:626)
	at org.springframework.web.servlet.FrameworkServlet.service(FrameworkServlet.java:883)
	at javax.servlet.http.HttpServlet.service(HttpServlet.java:733)
	at org.apache.catalina.core.ApplicationFilterChain.internalDoFilter(ApplicationFilterChain.java:231)
	at org.apache.catalina.core.ApplicationFilterChain.doFilter(ApplicationFilterChain.java:166)
	at org.apache.tomcat.websocket.server.WsFilter.doFilter(WsFilter.java:53)
	at org.apache.catalina.core.ApplicationFilterChain.internalDoFilter(ApplicationFilterChain.java:193)
	at org.apache.catalina.core.ApplicationFilterChain.doFilter(ApplicationFilterChain.java:166)
	at org.springframework.web.filter.RequestContextFilter.doFilterInternal(RequestContextFilter.java:100)
	at org.springframework.web.filter.OncePerRequestFilter.doFilter(OncePerRequestFilter.java:119)
	at org.apache.catalina.core.ApplicationFilterChain.internalDoFilter(ApplicationFilterChain.java:193)
	at org.apache.catalina.core.ApplicationFilterChain.doFilter(ApplicationFilterChain.java:166)
	at org.springframework.web.filter.FormContentFilter.doFilterInternal(FormContentFilter.java:93)
	at org.springframework.web.filter.OncePerRequestFilter.doFilter(OncePerRequestFilter.java:119)
	at org.apache.catalina.core.ApplicationFilterChain.internalDoFilter(ApplicationFilterChain.java:193)
	at org.apache.catalina.core.ApplicationFilterChain.doFilter(ApplicationFilterChain.java:166)
	at org.springframework.web.filter.CharacterEncodingFilter.doFilterInternal(CharacterEncodingFilter.java:201)
	at org.springframework.web.filter.OncePerRequestFilter.doFilter(OncePerRequestFilter.java:119)
	at org.apache.catalina.core.ApplicationFilterChain.internalDoFilter(ApplicationFilterChain.java:193)
	at org.apache.catalina.core.ApplicationFilterChain.doFilter(ApplicationFilterChain.java:166)
	at org.apache.catalina.core.StandardWrapperValve.invoke(StandardWrapperValve.java:202)
	at org.apache.catalina.core.StandardContextValve.invoke(StandardContextValve.java:97)
	at org.apache.catalina.authenticator.AuthenticatorBase.invoke(AuthenticatorBase.java:542)
	at org.apache.catalina.core.StandardHostValve.invoke(StandardHostValve.java:143)
	at org.apache.catalina.valves.ErrorReportValve.invoke(ErrorReportValve.java:92)
	at org.apache.catalina.core.StandardEngineValve.invoke(StandardEngineValve.java:78)
	at org.apache.catalina.connector.CoyoteAdapter.service(CoyoteAdapter.java:343)
	at org.apache.coyote.http11.Http11Processor.service(Http11Processor.java:374)
	at org.apache.coyote.AbstractProcessorLight.process(AbstractProcessorLight.java:65)
	at org.apache.coyote.AbstractProtocol$ConnectionHandler.process(AbstractProtocol.java:868)
	at org.apache.tomcat.util.net.NioEndpoint$SocketProcessor.doRun(NioEndpoint.java:1590)
	at org.apache.tomcat.util.net.SocketProcessorBase.run(SocketProcessorBase.java:49)
	at java.util.concurrent.ThreadPoolExecutor.runWorker(ThreadPoolExecutor.java:1142)
	at java.util.concurrent.ThreadPoolExecutor$Worker.run(ThreadPoolExecutor.java:617)
	at org.apache.tomcat.util.threads.TaskThread$WrappingRunnable.run(TaskThread.java:61)
	at java.lang.Thread.run(Thread.java:745)
2020-11-10 17:18:37.695 [ http-nio-8080-exec-1 ] - [ INFO  ] [ hbzrzy.kjgh.KjghApplication : 32 ] - findOne
2020-11-10 17:18:37.704 [ http-nio-8080-exec-1 ] - [ ERROR ] [ o.a.c.c.C.[.[localhost].[/].[dispatcherServlet] : 175 ] - Servlet.service() for servlet [dispatcherServlet] in context with path [] threw exception [Request processing failed; nested exception is org.mybatis.spring.MyBatisSystemException: nested exception is org.apache.ibatis.type.TypeException: Could not set parameters for mapping: ParameterMapping{property='UserID', mode=IN, javaType=class java.lang.Object, jdbcType=null, numericScale=null, resultMapId='null', jdbcTypeName='null', expression='null'}. Cause: org.apache.ibatis.type.TypeException: Error setting null for parameter #1 with JdbcType OTHER . Try setting a different JdbcType for this parameter or a different jdbcTypeForNull configuration property. Cause: java.sql.SQLException: 无效的列类型: 1111] with root cause
java.sql.SQLException: 无效的列类型: 1111
	at oracle.jdbc.driver.OracleStatement.getInternalType(OracleStatement.java:4121)
	at oracle.jdbc.driver.OraclePreparedStatement.setNullCritical(OraclePreparedStatement.java:4208)
	at oracle.jdbc.driver.OraclePreparedStatement.setNull(OraclePreparedStatement.java:4192)
	at oracle.jdbc.driver.OraclePreparedStatementWrapper.setNull(OraclePreparedStatementWrapper.java:1010)
	at com.zaxxer.hikari.pool.HikariProxyPreparedStatement.setNull(HikariProxyPreparedStatement.java)
	at org.apache.ibatis.type.BaseTypeHandler.setParameter(BaseTypeHandler.java:65)
	at org.apache.ibatis.scripting.defaults.DefaultParameterHandler.setParameters(DefaultParameterHandler.java:87)
	at org.apache.ibatis.executor.statement.PreparedStatementHandler.parameterize(PreparedStatementHandler.java:94)
	at org.apache.ibatis.executor.statement.RoutingStatementHandler.parameterize(RoutingStatementHandler.java:64)
	at org.apache.ibatis.executor.SimpleExecutor.prepareStatement(SimpleExecutor.java:88)
	at org.apache.ibatis.executor.SimpleExecutor.doQuery(SimpleExecutor.java:62)
	at org.apache.ibatis.executor.BaseExecutor.queryFromDatabase(BaseExecutor.java:325)
	at org.apache.ibatis.executor.BaseExecutor.query(BaseExecutor.java:156)
	at org.apache.ibatis.executor.CachingExecutor.query(CachingExecutor.java:109)
	at com.github.pagehelper.PageInterceptor.intercept(PageInterceptor.java:143)
	at org.apache.ibatis.plugin.Plugin.invoke(Plugin.java:61)
	at com.sun.proxy.$Proxy75.query(Unknown Source)
	at org.apache.ibatis.session.defaults.DefaultSqlSession.selectList(DefaultSqlSession.java:147)
	at org.apache.ibatis.session.defaults.DefaultSqlSession.selectList(DefaultSqlSession.java:140)
	at org.apache.ibatis.session.defaults.DefaultSqlSession.selectOne(DefaultSqlSession.java:76)
	at sun.reflect.NativeMethodAccessorImpl.invoke0(Native Method)
	at sun.reflect.NativeMethodAccessorImpl.invoke(NativeMethodAccessorImpl.java:62)
	at sun.reflect.DelegatingMethodAccessorImpl.invoke(DelegatingMethodAccessorImpl.java:43)
	at java.lang.reflect.Method.invoke(Method.java:498)
	at org.mybatis.spring.SqlSessionTemplate$SqlSessionInterceptor.invoke(SqlSessionTemplate.java:426)
	at com.sun.proxy.$Proxy54.selectOne(Unknown Source)
	at org.mybatis.spring.SqlSessionTemplate.selectOne(SqlSessionTemplate.java:159)
	at org.apache.ibatis.binding.MapperMethod.execute(MapperMethod.java:87)
	at org.apache.ibatis.binding.MapperProxy$PlainMethodInvoker.invoke(MapperProxy.java:152)
	at org.apache.ibatis.binding.MapperProxy.invoke(MapperProxy.java:85)
	at com.sun.proxy.$Proxy55.findOne(Unknown Source)
	at hbzrzy.kjgh.service.dataService.findOne(dataService.java:31)
	at hbzrzy.kjgh.controller.dataController.findOne(dataController.java:43)
	at sun.reflect.NativeMethodAccessorImpl.invoke0(Native Method)
	at sun.reflect.NativeMethodAccessorImpl.invoke(NativeMethodAccessorImpl.java:62)
	at sun.reflect.DelegatingMethodAccessorImpl.invoke(DelegatingMethodAccessorImpl.java:43)
	at java.lang.reflect.Method.invoke(Method.java:498)
	at org.springframework.web.method.support.InvocableHandlerMethod.doInvoke(InvocableHandlerMethod.java:190)
	at org.springframework.web.method.support.InvocableHandlerMethod.invokeForRequest(InvocableHandlerMethod.java:138)
	at org.springframework.web.servlet.mvc.method.annotation.ServletInvocableHandlerMethod.invokeAndHandle(ServletInvocableHandlerMethod.java:105)
	at org.springframework.web.servlet.mvc.method.annotation.RequestMappingHandlerAdapter.invokeHandlerMethod(RequestMappingHandlerAdapter.java:878)
	at org.springframework.web.servlet.mvc.method.annotation.RequestMappingHandlerAdapter.handleInternal(RequestMappingHandlerAdapter.java:792)
	at org.springframework.web.servlet.mvc.method.AbstractHandlerMethodAdapter.handle(AbstractHandlerMethodAdapter.java:87)
	at org.springframework.web.servlet.DispatcherServlet.doDispatch(DispatcherServlet.java:1040)
	at org.springframework.web.servlet.DispatcherServlet.doService(DispatcherServlet.java:943)
	at org.springframework.web.servlet.FrameworkServlet.processRequest(FrameworkServlet.java:1006)
	at org.springframework.web.servlet.FrameworkServlet.doGet(FrameworkServlet.java:898)
	at javax.servlet.http.HttpServlet.service(HttpServlet.java:626)
	at org.springframework.web.servlet.FrameworkServlet.service(FrameworkServlet.java:883)
	at javax.servlet.http.HttpServlet.service(HttpServlet.java:733)
	at org.apache.catalina.core.ApplicationFilterChain.internalDoFilter(ApplicationFilterChain.java:231)
	at org.apache.catalina.core.ApplicationFilterChain.doFilter(ApplicationFilterChain.java:166)
	at org.apache.tomcat.websocket.server.WsFilter.doFilter(WsFilter.java:53)
	at org.apache.catalina.core.ApplicationFilterChain.internalDoFilter(ApplicationFilterChain.java:193)
	at org.apache.catalina.core.ApplicationFilterChain.doFilter(ApplicationFilterChain.java:166)
	at org.springframework.web.filter.RequestContextFilter.doFilterInternal(RequestContextFilter.java:100)
	at org.springframework.web.filter.OncePerRequestFilter.doFilter(OncePerRequestFilter.java:119)
	at org.apache.catalina.core.ApplicationFilterChain.internalDoFilter(ApplicationFilterChain.java:193)
	at org.apache.catalina.core.ApplicationFilterChain.doFilter(ApplicationFilterChain.java:166)
	at org.springframework.web.filter.FormContentFilter.doFilterInternal(FormContentFilter.java:93)
	at org.springframework.web.filter.OncePerRequestFilter.doFilter(OncePerRequestFilter.java:119)
	at org.apache.catalina.core.ApplicationFilterChain.internalDoFilter(ApplicationFilterChain.java:193)
	at org.apache.catalina.core.ApplicationFilterChain.doFilter(ApplicationFilterChain.java:166)
	at org.springframework.web.filter.CharacterEncodingFilter.doFilterInternal(CharacterEncodingFilter.java:201)
	at org.springframework.web.filter.OncePerRequestFilter.doFilter(OncePerRequestFilter.java:119)
	at org.apache.catalina.core.ApplicationFilterChain.internalDoFilter(ApplicationFilterChain.java:193)
	at org.apache.catalina.core.ApplicationFilterChain.doFilter(ApplicationFilterChain.java:166)
	at org.apache.catalina.core.StandardWrapperValve.invoke(StandardWrapperValve.java:202)
	at org.apache.catalina.core.StandardContextValve.invoke(StandardContextValve.java:97)
	at org.apache.catalina.authenticator.AuthenticatorBase.invoke(AuthenticatorBase.java:542)
	at org.apache.catalina.core.StandardHostValve.invoke(StandardHostValve.java:143)
	at org.apache.catalina.valves.ErrorReportValve.invoke(ErrorReportValve.java:92)
	at org.apache.catalina.core.StandardEngineValve.invoke(StandardEngineValve.java:78)
	at org.apache.catalina.connector.CoyoteAdapter.service(CoyoteAdapter.java:343)
	at org.apache.coyote.http11.Http11Processor.service(Http11Processor.java:374)
	at org.apache.coyote.AbstractProcessorLight.process(AbstractProcessorLight.java:65)
	at org.apache.coyote.AbstractProtocol$ConnectionHandler.process(AbstractProtocol.java:868)
	at org.apache.tomcat.util.net.NioEndpoint$SocketProcessor.doRun(NioEndpoint.java:1590)
	at org.apache.tomcat.util.net.SocketProcessorBase.run(SocketProcessorBase.java:49)
	at java.util.concurrent.ThreadPoolExecutor.runWorker(ThreadPoolExecutor.java:1142)
	at java.util.concurrent.ThreadPoolExecutor$Worker.run(ThreadPoolExecutor.java:617)
	at org.apache.tomcat.util.threads.TaskThread$WrappingRunnable.run(TaskThread.java:61)
	at java.lang.Thread.run(Thread.java:745)
2020-11-10 17:19:15.537 [ http-nio-8080-exec-3 ] - [ INFO  ] [ hbzrzy.kjgh.KjghApplication : 32 ] - findOne
2020-11-10 17:19:55.015 [ http-nio-8080-exec-4 ] - [ INFO  ] [ hbzrzy.kjgh.KjghApplication : 32 ] - findOne
2020-11-10 17:22:43.285 [ main ] - [ INFO  ] [ hbzrzy.kjgh.KjghApplication : 55 ] - Starting KjghApplication on DESKTOP-K7I9I42 with PID 10244 (D:\testfiles\javanew\kjgh\target\classes started by qyh in D:\testfiles\javanew\kjgh)
2020-11-10 17:22:43.292 [ main ] - [ INFO  ] [ hbzrzy.kjgh.KjghApplication : 651 ] - No active profile set, falling back to default profiles: default
2020-11-10 17:22:45.368 [ main ] - [ INFO  ] [ org.apache.coyote.http11.Http11NioProtocol : 173 ] - Initializing ProtocolHandler ["http-nio-8080"]
2020-11-10 17:22:45.369 [ main ] - [ INFO  ] [ org.apache.catalina.core.StandardService : 173 ] - Starting service [Tomcat]
2020-11-10 17:22:45.370 [ main ] - [ INFO  ] [ org.apache.catalina.core.StandardEngine : 173 ] - Starting Servlet engine: [Apache Tomcat/9.0.39]
2020-11-10 17:22:45.560 [ main ] - [ INFO  ] [ o.a.c.core.ContainerBase.[Tomcat].[localhost].[/] : 173 ] - Initializing Spring embedded WebApplicationContext
2020-11-10 17:22:46.666 [ main ] - [ INFO  ] [ org.apache.coyote.http11.Http11NioProtocol : 173 ] - Starting ProtocolHandler ["http-nio-8080"]
2020-11-10 17:22:46.730 [ main ] - [ INFO  ] [ com.zaxxer.hikari.HikariDataSource : 110 ] - HikariPool-1 - Starting...
2020-11-10 17:22:47.484 [ main ] - [ INFO  ] [ com.zaxxer.hikari.HikariDataSource : 123 ] - HikariPool-1 - Start completed.
2020-11-10 17:22:47.678 [ main ] - [ INFO  ] [ hbzrzy.kjgh.KjghApplication : 61 ] - Started KjghApplication in 5.235 seconds (JVM running for 9.631)
2020-11-10 17:22:54.020 [ http-nio-8080-exec-1 ] - [ INFO  ] [ o.a.c.core.ContainerBase.[Tomcat].[localhost].[/] : 173 ] - Initializing Spring DispatcherServlet 'dispatcherServlet'
2020-11-10 17:22:54.078 [ http-nio-8080-exec-1 ] - [ INFO  ] [ hbzrzy.kjgh.KjghApplication : 32 ] - findOne
2020-11-10 17:24:54.233 [ main ] - [ INFO  ] [ hbzrzy.kjgh.KjghApplication : 55 ] - Starting KjghApplication on DESKTOP-K7I9I42 with PID 16208 (D:\testfiles\javanew\kjgh\target\classes started by qyh in D:\testfiles\javanew\kjgh)
2020-11-10 17:24:54.238 [ main ] - [ INFO  ] [ hbzrzy.kjgh.KjghApplication : 651 ] - No active profile set, falling back to default profiles: default
2020-11-10 17:24:56.191 [ main ] - [ INFO  ] [ org.apache.coyote.http11.Http11NioProtocol : 173 ] - Initializing ProtocolHandler ["http-nio-8080"]
2020-11-10 17:24:56.192 [ main ] - [ INFO  ] [ org.apache.catalina.core.StandardService : 173 ] - Starting service [Tomcat]
2020-11-10 17:24:56.193 [ main ] - [ INFO  ] [ org.apache.catalina.core.StandardEngine : 173 ] - Starting Servlet engine: [Apache Tomcat/9.0.39]
2020-11-10 17:24:56.362 [ main ] - [ INFO  ] [ o.a.c.core.ContainerBase.[Tomcat].[localhost].[/] : 173 ] - Initializing Spring embedded WebApplicationContext
2020-11-10 17:24:57.445 [ main ] - [ INFO  ] [ org.apache.coyote.http11.Http11NioProtocol : 173 ] - Starting ProtocolHandler ["http-nio-8080"]
2020-11-10 17:24:57.501 [ main ] - [ INFO  ] [ com.zaxxer.hikari.HikariDataSource : 110 ] - HikariPool-1 - Starting...
2020-11-10 17:24:58.184 [ main ] - [ INFO  ] [ com.zaxxer.hikari.HikariDataSource : 123 ] - HikariPool-1 - Start completed.
2020-11-10 17:24:58.359 [ main ] - [ INFO  ] [ hbzrzy.kjgh.KjghApplication : 61 ] - Started KjghApplication in 4.913 seconds (JVM running for 9.17)
2020-11-10 17:25:06.662 [ http-nio-8080-exec-1 ] - [ INFO  ] [ o.a.c.core.ContainerBase.[Tomcat].[localhost].[/] : 173 ] - Initializing Spring DispatcherServlet 'dispatcherServlet'
2020-11-10 17:25:06.726 [ http-nio-8080-exec-1 ] - [ INFO  ] [ hbzrzy.kjgh.KjghApplication : 32 ] - findOne
2020-11-10 17:25:06.726 [ http-nio-8080-exec-1 ] - [ INFO  ] [ hbzrzy.kjgh.KjghApplication : 35 ] - 获取路径:D:\testfiles\javanew\kjgh
2020-11-10 17:27:21.296 [ main ] - [ INFO  ] [ hbzrzy.kjgh.KjghApplication : 55 ] - Starting KjghApplication on DESKTOP-K7I9I42 with PID 2324 (D:\testfiles\javanew\kjgh\target\classes started by qyh in D:\testfiles\javanew\kjgh)
2020-11-10 17:27:21.304 [ main ] - [ INFO  ] [ hbzrzy.kjgh.KjghApplication : 651 ] - No active profile set, falling back to default profiles: default
2020-11-10 17:27:23.654 [ main ] - [ INFO  ] [ org.apache.coyote.http11.Http11NioProtocol : 173 ] - Initializing ProtocolHandler ["http-nio-8080"]
2020-11-10 17:27:23.655 [ main ] - [ INFO  ] [ org.apache.catalina.core.StandardService : 173 ] - Starting service [Tomcat]
2020-11-10 17:27:23.655 [ main ] - [ INFO  ] [ org.apache.catalina.core.StandardEngine : 173 ] - Starting Servlet engine: [Apache Tomcat/9.0.39]
2020-11-10 17:27:23.804 [ main ] - [ INFO  ] [ o.a.c.core.ContainerBase.[Tomcat].[localhost].[/] : 173 ] - Initializing Spring embedded WebApplicationContext
2020-11-10 17:27:24.793 [ main ] - [ INFO  ] [ org.apache.coyote.http11.Http11NioProtocol : 173 ] - Starting ProtocolHandler ["http-nio-8080"]
2020-11-10 17:27:24.863 [ main ] - [ INFO  ] [ com.zaxxer.hikari.HikariDataSource : 110 ] - HikariPool-1 - Starting...
2020-11-10 17:27:25.043 [ http-nio-8080-exec-1 ] - [ INFO  ] [ o.a.c.core.ContainerBase.[Tomcat].[localhost].[/] : 173 ] - Initializing Spring DispatcherServlet 'dispatcherServlet'
2020-11-10 17:27:25.842 [ main ] - [ INFO  ] [ com.zaxxer.hikari.HikariDataSource : 123 ] - HikariPool-1 - Start completed.
2020-11-10 17:27:26.060 [ main ] - [ INFO  ] [ hbzrzy.kjgh.KjghApplication : 61 ] - Started KjghApplication in 5.781 seconds (JVM running for 10.29)
2020-11-10 17:28:20.221 [ http-nio-8080-exec-4 ] - [ INFO  ] [ hbzrzy.kjgh.controller.fileController : 31 ] - 获取路径:D:\testfiles\javanew\kjgh/temp/
2020-11-10 17:28:20.228 [ http-nio-8080-exec-4 ] - [ INFO  ] [ hbzrzy.kjgh.controller.fileController : 42 ] - 第1个文件上传成功
